{"/Users/aimable/Tuts/glowing-octo-disco/lib/log-source.js": {"path":"/Users/aimable/Tuts/glowing-octo-disco/lib/log-source.js","statementMap":{"0":{"start":{"line":3,"column":10},"end":{"line":3,"column":27}},"1":{"start":{"line":4,"column":14},"end":{"line":4,"column":30}},"2":{"start":{"line":5,"column":10},"end":{"line":5,"column":29}},"3":{"start":{"line":14,"column":0},"end":{"line":49,"column":2}},"4":{"start":{"line":16,"column":4},"end":{"line":16,"column":25}},"5":{"start":{"line":17,"column":4},"end":{"line":20,"column":6}},"6":{"start":{"line":24,"column":4},"end":{"line":31,"column":6}},"7":{"start":{"line":35,"column":4},"end":{"line":35,"column":48}},"8":{"start":{"line":36,"column":4},"end":{"line":38,"column":5}},"9":{"start":{"line":37,"column":6},"end":{"line":37,"column":26}},"10":{"start":{"line":39,"column":4},"end":{"line":39,"column":44}},"11":{"start":{"line":43,"column":4},"end":{"line":43,"column":48}},"12":{"start":{"line":44,"column":4},"end":{"line":46,"column":5}},"13":{"start":{"line":45,"column":6},"end":{"line":45,"column":26}},"14":{"start":{"line":47,"column":4},"end":{"line":47,"column":79}},"15":{"start":{"line":47,"column":44},"end":{"line":47,"column":76}}},"fnMap":{"0":{"name":"(anonymous_0)","decl":{"start":{"line":15,"column":2},"end":{"line":15,"column":3}},"loc":{"start":{"line":15,"column":16},"end":{"line":21,"column":3}},"line":15},"1":{"name":"(anonymous_1)","decl":{"start":{"line":23,"column":2},"end":{"line":23,"column":3}},"loc":{"start":{"line":23,"column":29},"end":{"line":32,"column":3}},"line":23},"2":{"name":"(anonymous_2)","decl":{"start":{"line":34,"column":2},"end":{"line":34,"column":3}},"loc":{"start":{"line":34,"column":8},"end":{"line":40,"column":3}},"line":34},"3":{"name":"(anonymous_3)","decl":{"start":{"line":42,"column":2},"end":{"line":42,"column":3}},"loc":{"start":{"line":42,"column":13},"end":{"line":48,"column":3}},"line":42},"4":{"name":"(anonymous_4)","decl":{"start":{"line":47,"column":37},"end":{"line":47,"column":38}},"loc":{"start":{"line":47,"column":44},"end":{"line":47,"column":76}},"line":47}},"branchMap":{"0":{"loc":{"start":{"line":36,"column":4},"end":{"line":38,"column":5}},"type":"if","locations":[{"start":{"line":36,"column":4},"end":{"line":38,"column":5}},{"start":{"line":36,"column":4},"end":{"line":38,"column":5}}],"line":36},"1":{"loc":{"start":{"line":39,"column":11},"end":{"line":39,"column":43}},"type":"cond-expr","locations":[{"start":{"line":39,"column":26},"end":{"line":39,"column":31}},{"start":{"line":39,"column":34},"end":{"line":39,"column":43}}],"line":39},"2":{"loc":{"start":{"line":44,"column":4},"end":{"line":46,"column":5}},"type":"if","locations":[{"start":{"line":44,"column":4},"end":{"line":46,"column":5}},{"start":{"line":44,"column":4},"end":{"line":46,"column":5}}],"line":44},"3":{"loc":{"start":{"line":47,"column":44},"end":{"line":47,"column":76}},"type":"cond-expr","locations":[{"start":{"line":47,"column":59},"end":{"line":47,"column":64}},{"start":{"line":47,"column":67},"end":{"line":47,"column":76}}],"line":47}},"s":{"0":2,"1":2,"2":2,"3":2,"4":1005,"5":1005,"6":3699,"7":3696,"8":3696,"9":1004,"10":3696,"11":3,"12":3,"13":1,"14":3,"15":3},"f":{"0":1005,"1":3699,"2":3696,"3":3,"4":3},"b":{"0":[1004,2692],"1":[1004,2692],"2":[1,2],"3":[1,2]},"_coverageSchema":"1a1c01bbd47fc00a2c39e90264f33305004495a9","hash":"4b1779df518cb7b8a2820fdd51bac5fc26fedcb4"}
,"/Users/aimable/Tuts/glowing-octo-disco/lib/printer.js": {"path":"/Users/aimable/Tuts/glowing-octo-disco/lib/printer.js","statementMap":{"0":{"start":{"line":3,"column":10},"end":{"line":3,"column":27}},"1":{"start":{"line":5,"column":0},"end":{"line":35,"column":2}},"2":{"start":{"line":7,"column":6},"end":{"line":7,"column":30}},"3":{"start":{"line":8,"column":6},"end":{"line":8,"column":27}},"4":{"start":{"line":12,"column":6},"end":{"line":14,"column":7}},"5":{"start":{"line":13,"column":9},"end":{"line":13,"column":54}},"6":{"start":{"line":15,"column":6},"end":{"line":19,"column":7}},"7":{"start":{"line":16,"column":9},"end":{"line":16,"column":40}},"8":{"start":{"line":18,"column":9},"end":{"line":18,"column":73}},"9":{"start":{"line":20,"column":6},"end":{"line":20,"column":27}},"10":{"start":{"line":21,"column":6},"end":{"line":21,"column":25}},"11":{"start":{"line":22,"column":6},"end":{"line":24,"column":7}},"12":{"start":{"line":23,"column":9},"end":{"line":23,"column":37}},"13":{"start":{"line":28,"column":22},"end":{"line":28,"column":58}},"14":{"start":{"line":29,"column":6},"end":{"line":29,"column":59}},"15":{"start":{"line":30,"column":6},"end":{"line":30,"column":57}},"16":{"start":{"line":31,"column":6},"end":{"line":31,"column":52}},"17":{"start":{"line":32,"column":6},"end":{"line":32,"column":65}},"18":{"start":{"line":33,"column":6},"end":{"line":33,"column":59}}},"fnMap":{"0":{"name":"(anonymous_0)","decl":{"start":{"line":6,"column":3},"end":{"line":6,"column":4}},"loc":{"start":{"line":6,"column":17},"end":{"line":9,"column":4}},"line":6},"1":{"name":"(anonymous_1)","decl":{"start":{"line":11,"column":3},"end":{"line":11,"column":4}},"loc":{"start":{"line":11,"column":14},"end":{"line":25,"column":4}},"line":11},"2":{"name":"(anonymous_2)","decl":{"start":{"line":27,"column":3},"end":{"line":27,"column":4}},"loc":{"start":{"line":27,"column":10},"end":{"line":34,"column":4}},"line":27}},"branchMap":{"0":{"loc":{"start":{"line":12,"column":6},"end":{"line":14,"column":7}},"type":"if","locations":[{"start":{"line":12,"column":6},"end":{"line":14,"column":7}},{"start":{"line":12,"column":6},"end":{"line":14,"column":7}}],"line":12},"1":{"loc":{"start":{"line":15,"column":6},"end":{"line":19,"column":7}},"type":"if","locations":[{"start":{"line":15,"column":6},"end":{"line":19,"column":7}},{"start":{"line":15,"column":6},"end":{"line":19,"column":7}}],"line":15},"2":{"loc":{"start":{"line":22,"column":6},"end":{"line":24,"column":7}},"type":"if","locations":[{"start":{"line":22,"column":6},"end":{"line":24,"column":7}},{"start":{"line":22,"column":6},"end":{"line":24,"column":7}}],"line":22}},"s":{"0":1,"1":1,"2":3,"3":3,"4":2690,"5":0,"6":2690,"7":2690,"8":0,"9":2690,"10":2690,"11":2690,"12":3,"13":3,"14":3,"15":3,"16":3,"17":3,"18":3},"f":{"0":3,"1":2690,"2":3},"b":{"0":[0,2690],"1":[2690,0],"2":[3,2687]},"_coverageSchema":"1a1c01bbd47fc00a2c39e90264f33305004495a9","hash":"51b03aee7a47c2e666d94822a6227082bd002100"}
,"/Users/aimable/Tuts/glowing-octo-disco/solution/min-heap.js": {"path":"/Users/aimable/Tuts/glowing-octo-disco/solution/min-heap.js","statementMap":{"0":{"start":{"line":4,"column":0},"end":{"line":66,"column":2}},"1":{"start":{"line":6,"column":6},"end":{"line":6,"column":21}},"2":{"start":{"line":10,"column":6},"end":{"line":10,"column":27}},"3":{"start":{"line":11,"column":6},"end":{"line":11,"column":45}},"4":{"start":{"line":16,"column":6},"end":{"line":16,"column":46}},"5":{"start":{"line":16,"column":34},"end":{"line":16,"column":46}},"6":{"start":{"line":17,"column":6},"end":{"line":17,"column":57}},"7":{"start":{"line":17,"column":34},"end":{"line":17,"column":57}},"8":{"start":{"line":19,"column":18},"end":{"line":19,"column":30}},"9":{"start":{"line":20,"column":6},"end":{"line":20,"column":37}},"10":{"start":{"line":21,"column":6},"end":{"line":21,"column":28}},"11":{"start":{"line":22,"column":6},"end":{"line":22,"column":17}},"12":{"start":{"line":27,"column":6},"end":{"line":34,"column":7}},"13":{"start":{"line":28,"column":29},"end":{"line":28,"column":56}},"14":{"start":{"line":29,"column":9},"end":{"line":29,"column":87}},"15":{"start":{"line":29,"column":81},"end":{"line":29,"column":87}},"16":{"start":{"line":31,"column":21},"end":{"line":31,"column":37}},"17":{"start":{"line":32,"column":9},"end":{"line":32,"column":51}},"18":{"start":{"line":33,"column":9},"end":{"line":33,"column":29}},"19":{"start":{"line":38,"column":6},"end":{"line":60,"column":7}},"20":{"start":{"line":39,"column":26},"end":{"line":39,"column":31}},"21":{"start":{"line":40,"column":27},"end":{"line":40,"column":40}},"22":{"start":{"line":41,"column":28},"end":{"line":41,"column":41}},"23":{"start":{"line":43,"column":9},"end":{"line":48,"column":10}},"24":{"start":{"line":47,"column":12},"end":{"line":47,"column":35}},"25":{"start":{"line":49,"column":9},"end":{"line":54,"column":10}},"26":{"start":{"line":53,"column":12},"end":{"line":53,"column":36}},"27":{"start":{"line":56,"column":9},"end":{"line":56,"column":41}},"28":{"start":{"line":56,"column":35},"end":{"line":56,"column":41}},"29":{"start":{"line":58,"column":9},"end":{"line":58,"column":95}},"30":{"start":{"line":59,"column":9},"end":{"line":59,"column":28}},"31":{"start":{"line":64,"column":6},"end":{"line":64,"column":30}}},"fnMap":{"0":{"name":"(anonymous_0)","decl":{"start":{"line":5,"column":3},"end":{"line":5,"column":4}},"loc":{"start":{"line":5,"column":17},"end":{"line":7,"column":4}},"line":5},"1":{"name":"(anonymous_1)","decl":{"start":{"line":9,"column":3},"end":{"line":9,"column":4}},"loc":{"start":{"line":9,"column":16},"end":{"line":12,"column":4}},"line":9},"2":{"name":"(anonymous_2)","decl":{"start":{"line":15,"column":3},"end":{"line":15,"column":4}},"loc":{"start":{"line":15,"column":16},"end":{"line":23,"column":4}},"line":15},"3":{"name":"(anonymous_3)","decl":{"start":{"line":26,"column":3},"end":{"line":26,"column":4}},"loc":{"start":{"line":26,"column":22},"end":{"line":35,"column":4}},"line":26},"4":{"name":"(anonymous_4)","decl":{"start":{"line":37,"column":3},"end":{"line":37,"column":4}},"loc":{"start":{"line":37,"column":24},"end":{"line":61,"column":4}},"line":37},"5":{"name":"(anonymous_5)","decl":{"start":{"line":63,"column":3},"end":{"line":63,"column":4}},"loc":{"start":{"line":63,"column":10},"end":{"line":65,"column":4}},"line":63}},"branchMap":{"0":{"loc":{"start":{"line":16,"column":6},"end":{"line":16,"column":46}},"type":"if","locations":[{"start":{"line":16,"column":6},"end":{"line":16,"column":46}},{"start":{"line":16,"column":6},"end":{"line":16,"column":46}}],"line":16},"1":{"loc":{"start":{"line":17,"column":6},"end":{"line":17,"column":57}},"type":"if","locations":[{"start":{"line":17,"column":6},"end":{"line":17,"column":57}},{"start":{"line":17,"column":6},"end":{"line":17,"column":57}}],"line":17},"2":{"loc":{"start":{"line":29,"column":9},"end":{"line":29,"column":87}},"type":"if","locations":[{"start":{"line":29,"column":9},"end":{"line":29,"column":87}},{"start":{"line":29,"column":9},"end":{"line":29,"column":87}}],"line":29},"3":{"loc":{"start":{"line":43,"column":9},"end":{"line":48,"column":10}},"type":"if","locations":[{"start":{"line":43,"column":9},"end":{"line":48,"column":10}},{"start":{"line":43,"column":9},"end":{"line":48,"column":10}}],"line":43},"4":{"loc":{"start":{"line":44,"column":12},"end":{"line":45,"column":80}},"type":"binary-expr","locations":[{"start":{"line":44,"column":12},"end":{"line":44,"column":40}},{"start":{"line":45,"column":12},"end":{"line":45,"column":80}}],"line":44},"5":{"loc":{"start":{"line":49,"column":9},"end":{"line":54,"column":10}},"type":"if","locations":[{"start":{"line":49,"column":9},"end":{"line":54,"column":10}},{"start":{"line":49,"column":9},"end":{"line":54,"column":10}}],"line":49},"6":{"loc":{"start":{"line":50,"column":12},"end":{"line":51,"column":81}},"type":"binary-expr","locations":[{"start":{"line":50,"column":12},"end":{"line":50,"column":41}},{"start":{"line":51,"column":12},"end":{"line":51,"column":81}}],"line":50},"7":{"loc":{"start":{"line":56,"column":9},"end":{"line":56,"column":41}},"type":"if","locations":[{"start":{"line":56,"column":9},"end":{"line":56,"column":41}},{"start":{"line":56,"column":9},"end":{"line":56,"column":41}}],"line":56}},"s":{"0":1,"1":3,"2":2690,"3":2690,"4":2690,"5":0,"6":2690,"7":293,"8":2397,"9":2397,"10":2397,"11":2397,"12":2690,"13":3772,"14":3772,"15":2396,"16":1376,"17":1376,"18":1376,"19":2397,"20":17585,"21":17585,"22":17585,"23":17585,"24":14485,"25":17585,"26":6855,"27":17585,"28":2397,"29":15188,"30":15188,"31":2693},"f":{"0":3,"1":2690,"2":2690,"3":2690,"4":2397,"5":2693},"b":{"0":[0,2690],"1":[293,2397],"2":[2396,1376],"3":[14485,3100],"4":[17585,15809],"5":[6855,10730],"6":[17585,15794],"7":[2397,15188]},"_coverageSchema":"1a1c01bbd47fc00a2c39e90264f33305004495a9","hash":"4ae0836854ca27ed7a14b5bf4c1ff5014b6495bb"}
,"/Users/aimable/Tuts/glowing-octo-disco/solution/sync-sorted-merge.js": {"path":"/Users/aimable/Tuts/glowing-octo-disco/solution/sync-sorted-merge.js","statementMap":{"0":{"start":{"line":2,"column":11},"end":{"line":2,"column":24}},"1":{"start":{"line":3,"column":16},"end":{"line":3,"column":37}},"2":{"start":{"line":7,"column":0},"end":{"line":13,"column":2}},"3":{"start":{"line":8,"column":3},"end":{"line":11,"column":4}},"4":{"start":{"line":9,"column":6},"end":{"line":9,"column":46}},"5":{"start":{"line":10,"column":6},"end":{"line":10,"column":21}},"6":{"start":{"line":12,"column":3},"end":{"line":12,"column":45}},"7":{"start":{"line":16,"column":16},"end":{"line":16,"column":29}},"8":{"start":{"line":18,"column":3},"end":{"line":25,"column":4}},"9":{"start":{"line":18,"column":16},"end":{"line":18,"column":17}},"10":{"start":{"line":21,"column":21},"end":{"line":21,"column":40}},"11":{"start":{"line":22,"column":6},"end":{"line":24,"column":7}},"12":{"start":{"line":23,"column":9},"end":{"line":23,"column":49}},"13":{"start":{"line":28,"column":3},"end":{"line":37,"column":4}},"14":{"start":{"line":30,"column":38},"end":{"line":30,"column":55}},"15":{"start":{"line":31,"column":6},"end":{"line":31,"column":28}},"16":{"start":{"line":33,"column":25},"end":{"line":33,"column":54}},"17":{"start":{"line":34,"column":6},"end":{"line":36,"column":7}},"18":{"start":{"line":35,"column":9},"end":{"line":35,"column":58}}},"fnMap":{"0":{"name":"(anonymous_0)","decl":{"start":{"line":7,"column":17},"end":{"line":7,"column":18}},"loc":{"start":{"line":7,"column":42},"end":{"line":13,"column":1}},"line":7},"1":{"name":"printMergeLogsSync","decl":{"start":{"line":15,"column":9},"end":{"line":15,"column":27}},"loc":{"start":{"line":15,"column":49},"end":{"line":38,"column":1}},"line":15}},"branchMap":{"0":{"loc":{"start":{"line":8,"column":3},"end":{"line":11,"column":4}},"type":"if","locations":[{"start":{"line":8,"column":3},"end":{"line":11,"column":4}},{"start":{"line":8,"column":3},"end":{"line":11,"column":4}}],"line":8},"1":{"loc":{"start":{"line":8,"column":7},"end":{"line":8,"column":50}},"type":"binary-expr","locations":[{"start":{"line":8,"column":7},"end":{"line":8,"column":25}},{"start":{"line":8,"column":29},"end":{"line":8,"column":50}}],"line":8},"2":{"loc":{"start":{"line":22,"column":6},"end":{"line":24,"column":7}},"type":"if","locations":[{"start":{"line":22,"column":6},"end":{"line":24,"column":7}},{"start":{"line":22,"column":6},"end":{"line":24,"column":7}}],"line":22},"3":{"loc":{"start":{"line":34,"column":6},"end":{"line":36,"column":7}},"type":"if","locations":[{"start":{"line":34,"column":6},"end":{"line":36,"column":7}},{"start":{"line":34,"column":6},"end":{"line":36,"column":7}}],"line":34}},"s":{"0":1,"1":1,"2":1,"3":3,"4":3,"5":3,"6":3,"7":3,"8":3,"9":3,"10":1004,"11":1004,"12":1003,"13":3,"14":2690,"15":2690,"16":2690,"17":2690,"18":1687},"f":{"0":3,"1":3},"b":{"0":[3,0],"1":[3,3],"2":[1003,1],"3":[1687,1003]},"_coverageSchema":"1a1c01bbd47fc00a2c39e90264f33305004495a9","hash":"d69d14ec489ea30fba88f337298bb9afeb78a7c4"}
}
