{"/Users/aimable/Tuts/glowing-octo-disco/lib/log-source.js": {"path":"/Users/aimable/Tuts/glowing-octo-disco/lib/log-source.js","statementMap":{"0":{"start":{"line":3,"column":10},"end":{"line":3,"column":27}},"1":{"start":{"line":4,"column":14},"end":{"line":4,"column":30}},"2":{"start":{"line":5,"column":10},"end":{"line":5,"column":29}},"3":{"start":{"line":14,"column":0},"end":{"line":49,"column":2}},"4":{"start":{"line":16,"column":4},"end":{"line":16,"column":25}},"5":{"start":{"line":17,"column":4},"end":{"line":20,"column":6}},"6":{"start":{"line":24,"column":4},"end":{"line":31,"column":6}},"7":{"start":{"line":35,"column":4},"end":{"line":35,"column":48}},"8":{"start":{"line":36,"column":4},"end":{"line":38,"column":5}},"9":{"start":{"line":37,"column":6},"end":{"line":37,"column":26}},"10":{"start":{"line":39,"column":4},"end":{"line":39,"column":44}},"11":{"start":{"line":43,"column":4},"end":{"line":43,"column":48}},"12":{"start":{"line":44,"column":4},"end":{"line":46,"column":5}},"13":{"start":{"line":45,"column":6},"end":{"line":45,"column":26}},"14":{"start":{"line":47,"column":4},"end":{"line":47,"column":79}},"15":{"start":{"line":47,"column":44},"end":{"line":47,"column":76}}},"fnMap":{"0":{"name":"(anonymous_0)","decl":{"start":{"line":15,"column":2},"end":{"line":15,"column":3}},"loc":{"start":{"line":15,"column":16},"end":{"line":21,"column":3}},"line":15},"1":{"name":"(anonymous_1)","decl":{"start":{"line":23,"column":2},"end":{"line":23,"column":3}},"loc":{"start":{"line":23,"column":29},"end":{"line":32,"column":3}},"line":23},"2":{"name":"(anonymous_2)","decl":{"start":{"line":34,"column":2},"end":{"line":34,"column":3}},"loc":{"start":{"line":34,"column":8},"end":{"line":40,"column":3}},"line":34},"3":{"name":"(anonymous_3)","decl":{"start":{"line":42,"column":2},"end":{"line":42,"column":3}},"loc":{"start":{"line":42,"column":13},"end":{"line":48,"column":3}},"line":42},"4":{"name":"(anonymous_4)","decl":{"start":{"line":47,"column":37},"end":{"line":47,"column":38}},"loc":{"start":{"line":47,"column":44},"end":{"line":47,"column":76}},"line":47}},"branchMap":{"0":{"loc":{"start":{"line":36,"column":4},"end":{"line":38,"column":5}},"type":"if","locations":[{"start":{"line":36,"column":4},"end":{"line":38,"column":5}},{"start":{"line":36,"column":4},"end":{"line":38,"column":5}}],"line":36},"1":{"loc":{"start":{"line":39,"column":11},"end":{"line":39,"column":43}},"type":"cond-expr","locations":[{"start":{"line":39,"column":26},"end":{"line":39,"column":31}},{"start":{"line":39,"column":34},"end":{"line":39,"column":43}}],"line":39},"2":{"loc":{"start":{"line":44,"column":4},"end":{"line":46,"column":5}},"type":"if","locations":[{"start":{"line":44,"column":4},"end":{"line":46,"column":5}},{"start":{"line":44,"column":4},"end":{"line":46,"column":5}}],"line":44},"3":{"loc":{"start":{"line":47,"column":44},"end":{"line":47,"column":76}},"type":"cond-expr","locations":[{"start":{"line":47,"column":59},"end":{"line":47,"column":64}},{"start":{"line":47,"column":67},"end":{"line":47,"column":76}}],"line":47}},"s":{"0":3,"1":3,"2":3,"3":3,"4":1108,"5":1108,"6":27890,"7":3886,"8":3886,"9":1004,"10":3886,"11":24004,"12":24004,"13":153,"14":24004,"15":23654},"f":{"0":1108,"1":27890,"2":3886,"3":24004,"4":23654},"b":{"0":[1004,2882],"1":[1004,2882],"2":[153,23851],"3":[11703,11951]},"_coverageSchema":"1a1c01bbd47fc00a2c39e90264f33305004495a9","hash":"4b1779df518cb7b8a2820fdd51bac5fc26fedcb4"}
,"/Users/aimable/Tuts/glowing-octo-disco/lib/printer.js": {"path":"/Users/aimable/Tuts/glowing-octo-disco/lib/printer.js","statementMap":{"0":{"start":{"line":3,"column":10},"end":{"line":3,"column":27}},"1":{"start":{"line":5,"column":0},"end":{"line":60,"column":2}},"2":{"start":{"line":7,"column":6},"end":{"line":7,"column":30}},"3":{"start":{"line":8,"column":6},"end":{"line":8,"column":27}},"4":{"start":{"line":12,"column":6},"end":{"line":14,"column":7}},"5":{"start":{"line":13,"column":9},"end":{"line":13,"column":54}},"6":{"start":{"line":15,"column":6},"end":{"line":19,"column":7}},"7":{"start":{"line":16,"column":9},"end":{"line":16,"column":40}},"8":{"start":{"line":18,"column":9},"end":{"line":18,"column":73}},"9":{"start":{"line":20,"column":6},"end":{"line":20,"column":27}},"10":{"start":{"line":21,"column":6},"end":{"line":21,"column":25}},"11":{"start":{"line":22,"column":6},"end":{"line":24,"column":7}},"12":{"start":{"line":23,"column":9},"end":{"line":23,"column":37}},"13":{"start":{"line":28,"column":6},"end":{"line":49,"column":9}},"14":{"start":{"line":29,"column":9},"end":{"line":48,"column":10}},"15":{"start":{"line":30,"column":12},"end":{"line":32,"column":13}},"16":{"start":{"line":31,"column":15},"end":{"line":31,"column":60}},"17":{"start":{"line":33,"column":12},"end":{"line":37,"column":13}},"18":{"start":{"line":34,"column":15},"end":{"line":34,"column":46}},"19":{"start":{"line":36,"column":15},"end":{"line":36,"column":79}},"20":{"start":{"line":38,"column":12},"end":{"line":38,"column":33}},"21":{"start":{"line":39,"column":12},"end":{"line":39,"column":31}},"22":{"start":{"line":40,"column":12},"end":{"line":42,"column":13}},"23":{"start":{"line":41,"column":15},"end":{"line":41,"column":43}},"24":{"start":{"line":43,"column":12},"end":{"line":45,"column":18}},"25":{"start":{"line":44,"column":15},"end":{"line":44,"column":25}},"26":{"start":{"line":47,"column":12},"end":{"line":47,"column":24}},"27":{"start":{"line":53,"column":22},"end":{"line":53,"column":58}},"28":{"start":{"line":54,"column":6},"end":{"line":54,"column":59}},"29":{"start":{"line":55,"column":6},"end":{"line":55,"column":57}},"30":{"start":{"line":56,"column":6},"end":{"line":56,"column":52}},"31":{"start":{"line":57,"column":6},"end":{"line":57,"column":65}},"32":{"start":{"line":58,"column":6},"end":{"line":58,"column":59}}},"fnMap":{"0":{"name":"(anonymous_0)","decl":{"start":{"line":6,"column":3},"end":{"line":6,"column":4}},"loc":{"start":{"line":6,"column":17},"end":{"line":9,"column":4}},"line":6},"1":{"name":"(anonymous_1)","decl":{"start":{"line":11,"column":3},"end":{"line":11,"column":4}},"loc":{"start":{"line":11,"column":14},"end":{"line":25,"column":4}},"line":11},"2":{"name":"(anonymous_2)","decl":{"start":{"line":27,"column":3},"end":{"line":27,"column":4}},"loc":{"start":{"line":27,"column":25},"end":{"line":50,"column":4}},"line":27},"3":{"name":"(anonymous_3)","decl":{"start":{"line":28,"column":25},"end":{"line":28,"column":26}},"loc":{"start":{"line":28,"column":46},"end":{"line":49,"column":7}},"line":28},"4":{"name":"(anonymous_4)","decl":{"start":{"line":43,"column":23},"end":{"line":43,"column":24}},"loc":{"start":{"line":43,"column":29},"end":{"line":45,"column":13}},"line":43},"5":{"name":"(anonymous_5)","decl":{"start":{"line":52,"column":3},"end":{"line":52,"column":4}},"loc":{"start":{"line":52,"column":10},"end":{"line":59,"column":4}},"line":52}},"branchMap":{"0":{"loc":{"start":{"line":12,"column":6},"end":{"line":14,"column":7}},"type":"if","locations":[{"start":{"line":12,"column":6},"end":{"line":14,"column":7}},{"start":{"line":12,"column":6},"end":{"line":14,"column":7}}],"line":12},"1":{"loc":{"start":{"line":15,"column":6},"end":{"line":19,"column":7}},"type":"if","locations":[{"start":{"line":15,"column":6},"end":{"line":19,"column":7}},{"start":{"line":15,"column":6},"end":{"line":19,"column":7}}],"line":15},"2":{"loc":{"start":{"line":22,"column":6},"end":{"line":24,"column":7}},"type":"if","locations":[{"start":{"line":22,"column":6},"end":{"line":24,"column":7}},{"start":{"line":22,"column":6},"end":{"line":24,"column":7}}],"line":22},"3":{"loc":{"start":{"line":30,"column":12},"end":{"line":32,"column":13}},"type":"if","locations":[{"start":{"line":30,"column":12},"end":{"line":32,"column":13}},{"start":{"line":30,"column":12},"end":{"line":32,"column":13}}],"line":30},"4":{"loc":{"start":{"line":33,"column":12},"end":{"line":37,"column":13}},"type":"if","locations":[{"start":{"line":33,"column":12},"end":{"line":37,"column":13}},{"start":{"line":33,"column":12},"end":{"line":37,"column":13}}],"line":33},"5":{"loc":{"start":{"line":40,"column":12},"end":{"line":42,"column":13}},"type":"if","locations":[{"start":{"line":40,"column":12},"end":{"line":42,"column":13}},{"start":{"line":40,"column":12},"end":{"line":42,"column":13}}],"line":40}},"s":{"0":2,"1":2,"2":6,"3":6,"4":14362,"5":0,"6":14362,"7":14362,"8":0,"9":14362,"10":14362,"11":14362,"12":5,"13":0,"14":0,"15":0,"16":0,"17":0,"18":0,"19":0,"20":0,"21":0,"22":0,"23":0,"24":0,"25":0,"26":0,"27":6,"28":6,"29":6,"30":6,"31":6,"32":6},"f":{"0":6,"1":14362,"2":0,"3":0,"4":0,"5":6},"b":{"0":[0,14362],"1":[14362,0],"2":[5,14357],"3":[0,0],"4":[0,0],"5":[0,0]},"_coverageSchema":"1a1c01bbd47fc00a2c39e90264f33305004495a9","hash":"ae3fdcc55c3d4e950eaae2da295a68d0e1729af9"}
,"/Users/aimable/Tuts/glowing-octo-disco/solution/async-sorted-merge.js": {"path":"/Users/aimable/Tuts/glowing-octo-disco/solution/async-sorted-merge.js","statementMap":{"0":{"start":{"line":3,"column":18},"end":{"line":3,"column":46}},"1":{"start":{"line":4,"column":16},"end":{"line":4,"column":37}},"2":{"start":{"line":8,"column":0},"end":{"line":16,"column":2}},"3":{"start":{"line":9,"column":3},"end":{"line":15,"column":4}},"4":{"start":{"line":10,"column":22},"end":{"line":10,"column":68}},"5":{"start":{"line":11,"column":6},"end":{"line":11,"column":21}},"6":{"start":{"line":12,"column":6},"end":{"line":12,"column":42}},"7":{"start":{"line":14,"column":6},"end":{"line":14,"column":23}},"8":{"start":{"line":24,"column":16},"end":{"line":24,"column":29}},"9":{"start":{"line":25,"column":23},"end":{"line":25,"column":40}},"10":{"start":{"line":26,"column":23},"end":{"line":26,"column":25}},"11":{"start":{"line":27,"column":3},"end":{"line":70,"column":4}},"12":{"start":{"line":29,"column":6},"end":{"line":31,"column":7}},"13":{"start":{"line":29,"column":23},"end":{"line":29,"column":24}},"14":{"start":{"line":30,"column":9},"end":{"line":30,"column":52}},"15":{"start":{"line":35,"column":9},"end":{"line":52,"column":12}},"16":{"start":{"line":36,"column":12},"end":{"line":51,"column":13}},"17":{"start":{"line":37,"column":15},"end":{"line":48,"column":16}},"18":{"start":{"line":38,"column":33},"end":{"line":38,"column":73}},"19":{"start":{"line":39,"column":18},"end":{"line":47,"column":19}},"20":{"start":{"line":40,"column":21},"end":{"line":40,"column":58}},"21":{"start":{"line":41,"column":21},"end":{"line":41,"column":64}},"22":{"start":{"line":42,"column":21},"end":{"line":42,"column":86}},"23":{"start":{"line":44,"column":21},"end":{"line":44,"column":58}},"24":{"start":{"line":45,"column":21},"end":{"line":45,"column":77}},"25":{"start":{"line":46,"column":21},"end":{"line":46,"column":27}},"26":{"start":{"line":50,"column":15},"end":{"line":50,"column":79}},"27":{"start":{"line":56,"column":6},"end":{"line":67,"column":7}},"28":{"start":{"line":58,"column":9},"end":{"line":60,"column":10}},"29":{"start":{"line":59,"column":12},"end":{"line":59,"column":46}},"30":{"start":{"line":61,"column":9},"end":{"line":64,"column":10}},"31":{"start":{"line":62,"column":44},"end":{"line":62,"column":61}},"32":{"start":{"line":63,"column":12},"end":{"line":63,"column":34}},"33":{"start":{"line":66,"column":9},"end":{"line":66,"column":77}},"34":{"start":{"line":66,"column":53},"end":{"line":66,"column":75}},"35":{"start":{"line":69,"column":6},"end":{"line":69,"column":25}},"36":{"start":{"line":73,"column":0},"end":{"line":73,"column":57}}},"fnMap":{"0":{"name":"(anonymous_0)","decl":{"start":{"line":8,"column":17},"end":{"line":8,"column":18}},"loc":{"start":{"line":8,"column":48},"end":{"line":16,"column":1}},"line":8},"1":{"name":"printMergeLogsAsync","decl":{"start":{"line":23,"column":15},"end":{"line":23,"column":34}},"loc":{"start":{"line":23,"column":56},"end":{"line":71,"column":1}},"line":23},"2":{"name":"fetchLogs","decl":{"start":{"line":34,"column":15},"end":{"line":34,"column":24}},"loc":{"start":{"line":34,"column":38},"end":{"line":53,"column":7}},"line":34},"3":{"name":"(anonymous_3)","decl":{"start":{"line":35,"column":28},"end":{"line":35,"column":29}},"loc":{"start":{"line":35,"column":55},"end":{"line":52,"column":10}},"line":35},"4":{"name":"(anonymous_4)","decl":{"start":{"line":66,"column":46},"end":{"line":66,"column":47}},"loc":{"start":{"line":66,"column":53},"end":{"line":66,"column":75}},"line":66}},"branchMap":{"0":{"loc":{"start":{"line":39,"column":18},"end":{"line":47,"column":19}},"type":"if","locations":[{"start":{"line":39,"column":18},"end":{"line":47,"column":19}},{"start":{"line":39,"column":18},"end":{"line":47,"column":19}}],"line":39},"1":{"loc":{"start":{"line":56,"column":13},"end":{"line":56,"column":56}},"type":"binary-expr","locations":[{"start":{"line":56,"column":13},"end":{"line":56,"column":37}},{"start":{"line":56,"column":41},"end":{"line":56,"column":56}}],"line":56},"2":{"loc":{"start":{"line":58,"column":9},"end":{"line":60,"column":10}},"type":"if","locations":[{"start":{"line":58,"column":9},"end":{"line":60,"column":10}},{"start":{"line":58,"column":9},"end":{"line":60,"column":10}}],"line":58},"3":{"loc":{"start":{"line":61,"column":9},"end":{"line":64,"column":10}},"type":"if","locations":[{"start":{"line":61,"column":9},"end":{"line":64,"column":10}},{"start":{"line":61,"column":9},"end":{"line":64,"column":10}}],"line":61}},"s":{"0":1,"1":1,"2":1,"3":3,"4":3,"5":3,"6":3,"7":0,"8":3,"9":3,"10":3,"11":3,"12":3,"13":3,"14":104,"15":12053,"16":12053,"17":12053,"18":24002,"19":23651,"20":11949,"21":11949,"22":11949,"23":11702,"24":11702,"25":11702,"26":1,"27":2,"28":11482,"29":0,"30":11482,"31":11482,"32":11482,"33":11482,"34":298,"35":1,"36":1},"f":{"0":3,"1":3,"2":12053,"3":12053,"4":298},"b":{"0":[11949,11702],"1":[11484,11482],"2":[0,11482],"3":[11482,0]},"_coverageSchema":"1a1c01bbd47fc00a2c39e90264f33305004495a9","hash":"42e8bc9de103f64fc44124eacc128131729f1aca"}
,"/Users/aimable/Tuts/glowing-octo-disco/solution/min-heap.js": {"path":"/Users/aimable/Tuts/glowing-octo-disco/solution/min-heap.js","statementMap":{"0":{"start":{"line":4,"column":0},"end":{"line":66,"column":2}},"1":{"start":{"line":6,"column":6},"end":{"line":6,"column":21}},"2":{"start":{"line":10,"column":6},"end":{"line":10,"column":27}},"3":{"start":{"line":11,"column":6},"end":{"line":11,"column":45}},"4":{"start":{"line":16,"column":6},"end":{"line":16,"column":46}},"5":{"start":{"line":16,"column":34},"end":{"line":16,"column":46}},"6":{"start":{"line":17,"column":6},"end":{"line":17,"column":57}},"7":{"start":{"line":17,"column":34},"end":{"line":17,"column":57}},"8":{"start":{"line":19,"column":18},"end":{"line":19,"column":30}},"9":{"start":{"line":20,"column":6},"end":{"line":20,"column":37}},"10":{"start":{"line":21,"column":6},"end":{"line":21,"column":28}},"11":{"start":{"line":22,"column":6},"end":{"line":22,"column":17}},"12":{"start":{"line":27,"column":6},"end":{"line":34,"column":7}},"13":{"start":{"line":28,"column":29},"end":{"line":28,"column":56}},"14":{"start":{"line":29,"column":9},"end":{"line":29,"column":87}},"15":{"start":{"line":29,"column":81},"end":{"line":29,"column":87}},"16":{"start":{"line":31,"column":21},"end":{"line":31,"column":37}},"17":{"start":{"line":32,"column":9},"end":{"line":32,"column":51}},"18":{"start":{"line":33,"column":9},"end":{"line":33,"column":29}},"19":{"start":{"line":38,"column":6},"end":{"line":60,"column":7}},"20":{"start":{"line":39,"column":26},"end":{"line":39,"column":31}},"21":{"start":{"line":40,"column":27},"end":{"line":40,"column":40}},"22":{"start":{"line":41,"column":28},"end":{"line":41,"column":41}},"23":{"start":{"line":43,"column":9},"end":{"line":48,"column":10}},"24":{"start":{"line":47,"column":12},"end":{"line":47,"column":35}},"25":{"start":{"line":49,"column":9},"end":{"line":54,"column":10}},"26":{"start":{"line":53,"column":12},"end":{"line":53,"column":36}},"27":{"start":{"line":56,"column":9},"end":{"line":56,"column":41}},"28":{"start":{"line":56,"column":35},"end":{"line":56,"column":41}},"29":{"start":{"line":58,"column":9},"end":{"line":58,"column":95}},"30":{"start":{"line":59,"column":9},"end":{"line":59,"column":28}},"31":{"start":{"line":64,"column":6},"end":{"line":64,"column":30}}},"fnMap":{"0":{"name":"(anonymous_0)","decl":{"start":{"line":5,"column":3},"end":{"line":5,"column":4}},"loc":{"start":{"line":5,"column":17},"end":{"line":7,"column":4}},"line":5},"1":{"name":"(anonymous_1)","decl":{"start":{"line":9,"column":3},"end":{"line":9,"column":4}},"loc":{"start":{"line":9,"column":16},"end":{"line":12,"column":4}},"line":9},"2":{"name":"(anonymous_2)","decl":{"start":{"line":15,"column":3},"end":{"line":15,"column":4}},"loc":{"start":{"line":15,"column":16},"end":{"line":23,"column":4}},"line":15},"3":{"name":"(anonymous_3)","decl":{"start":{"line":26,"column":3},"end":{"line":26,"column":4}},"loc":{"start":{"line":26,"column":22},"end":{"line":35,"column":4}},"line":26},"4":{"name":"(anonymous_4)","decl":{"start":{"line":37,"column":3},"end":{"line":37,"column":4}},"loc":{"start":{"line":37,"column":24},"end":{"line":61,"column":4}},"line":37},"5":{"name":"(anonymous_5)","decl":{"start":{"line":63,"column":3},"end":{"line":63,"column":4}},"loc":{"start":{"line":63,"column":10},"end":{"line":65,"column":4}},"line":63}},"branchMap":{"0":{"loc":{"start":{"line":16,"column":6},"end":{"line":16,"column":46}},"type":"if","locations":[{"start":{"line":16,"column":6},"end":{"line":16,"column":46}},{"start":{"line":16,"column":6},"end":{"line":16,"column":46}}],"line":16},"1":{"loc":{"start":{"line":17,"column":6},"end":{"line":17,"column":57}},"type":"if","locations":[{"start":{"line":17,"column":6},"end":{"line":17,"column":57}},{"start":{"line":17,"column":6},"end":{"line":17,"column":57}}],"line":17},"2":{"loc":{"start":{"line":29,"column":9},"end":{"line":29,"column":87}},"type":"if","locations":[{"start":{"line":29,"column":9},"end":{"line":29,"column":87}},{"start":{"line":29,"column":9},"end":{"line":29,"column":87}}],"line":29},"3":{"loc":{"start":{"line":43,"column":9},"end":{"line":48,"column":10}},"type":"if","locations":[{"start":{"line":43,"column":9},"end":{"line":48,"column":10}},{"start":{"line":43,"column":9},"end":{"line":48,"column":10}}],"line":43},"4":{"loc":{"start":{"line":44,"column":12},"end":{"line":45,"column":80}},"type":"binary-expr","locations":[{"start":{"line":44,"column":12},"end":{"line":44,"column":40}},{"start":{"line":45,"column":12},"end":{"line":45,"column":80}}],"line":44},"5":{"loc":{"start":{"line":49,"column":9},"end":{"line":54,"column":10}},"type":"if","locations":[{"start":{"line":49,"column":9},"end":{"line":54,"column":10}},{"start":{"line":49,"column":9},"end":{"line":54,"column":10}}],"line":49},"6":{"loc":{"start":{"line":50,"column":12},"end":{"line":51,"column":81}},"type":"binary-expr","locations":[{"start":{"line":50,"column":12},"end":{"line":50,"column":41}},{"start":{"line":51,"column":12},"end":{"line":51,"column":81}}],"line":50},"7":{"loc":{"start":{"line":56,"column":9},"end":{"line":56,"column":41}},"type":"if","locations":[{"start":{"line":56,"column":9},"end":{"line":56,"column":41}},{"start":{"line":56,"column":9},"end":{"line":56,"column":41}}],"line":56}},"s":{"0":2,"1":6,"2":14829,"3":14829,"4":14362,"5":0,"6":14362,"7":203,"8":14159,"9":14159,"10":14159,"11":14159,"12":14829,"13":25906,"14":25906,"15":14617,"16":11289,"17":11289,"18":11289,"19":14159,"20":153596,"21":153596,"22":153596,"23":153596,"24":133005,"25":153596,"26":67109,"27":153596,"28":14159,"29":139437,"30":139437,"31":37329},"f":{"0":6,"1":14829,"2":14362,"3":14829,"4":14159,"5":37329},"b":{"0":[0,14362],"1":[203,14159],"2":[14617,11289],"3":[133005,20591],"4":[153596,143395],"5":[67109,86487],"6":[153596,143375],"7":[14159,139437]},"_coverageSchema":"1a1c01bbd47fc00a2c39e90264f33305004495a9","hash":"4ae0836854ca27ed7a14b5bf4c1ff5014b6495bb"}
,"/Users/aimable/Tuts/glowing-octo-disco/solution/sync-sorted-merge.js": {"path":"/Users/aimable/Tuts/glowing-octo-disco/solution/sync-sorted-merge.js","statementMap":{"0":{"start":{"line":2,"column":11},"end":{"line":2,"column":24}},"1":{"start":{"line":3,"column":16},"end":{"line":3,"column":37}},"2":{"start":{"line":7,"column":0},"end":{"line":13,"column":2}},"3":{"start":{"line":8,"column":3},"end":{"line":11,"column":4}},"4":{"start":{"line":9,"column":6},"end":{"line":9,"column":46}},"5":{"start":{"line":10,"column":6},"end":{"line":10,"column":21}},"6":{"start":{"line":12,"column":3},"end":{"line":12,"column":45}},"7":{"start":{"line":16,"column":16},"end":{"line":16,"column":29}},"8":{"start":{"line":18,"column":3},"end":{"line":25,"column":4}},"9":{"start":{"line":18,"column":16},"end":{"line":18,"column":17}},"10":{"start":{"line":21,"column":21},"end":{"line":21,"column":40}},"11":{"start":{"line":22,"column":6},"end":{"line":24,"column":7}},"12":{"start":{"line":23,"column":9},"end":{"line":23,"column":49}},"13":{"start":{"line":28,"column":3},"end":{"line":37,"column":4}},"14":{"start":{"line":30,"column":38},"end":{"line":30,"column":55}},"15":{"start":{"line":31,"column":6},"end":{"line":31,"column":28}},"16":{"start":{"line":33,"column":25},"end":{"line":33,"column":54}},"17":{"start":{"line":34,"column":6},"end":{"line":36,"column":7}},"18":{"start":{"line":35,"column":9},"end":{"line":35,"column":58}},"19":{"start":{"line":40,"column":0},"end":{"line":40,"column":55}}},"fnMap":{"0":{"name":"(anonymous_0)","decl":{"start":{"line":7,"column":17},"end":{"line":7,"column":18}},"loc":{"start":{"line":7,"column":42},"end":{"line":13,"column":1}},"line":7},"1":{"name":"printMergeLogsSync","decl":{"start":{"line":15,"column":9},"end":{"line":15,"column":27}},"loc":{"start":{"line":15,"column":49},"end":{"line":38,"column":1}},"line":15}},"branchMap":{"0":{"loc":{"start":{"line":8,"column":3},"end":{"line":11,"column":4}},"type":"if","locations":[{"start":{"line":8,"column":3},"end":{"line":11,"column":4}},{"start":{"line":8,"column":3},"end":{"line":11,"column":4}}],"line":8},"1":{"loc":{"start":{"line":8,"column":7},"end":{"line":8,"column":50}},"type":"binary-expr","locations":[{"start":{"line":8,"column":7},"end":{"line":8,"column":25}},{"start":{"line":8,"column":29},"end":{"line":8,"column":50}}],"line":8},"2":{"loc":{"start":{"line":22,"column":6},"end":{"line":24,"column":7}},"type":"if","locations":[{"start":{"line":22,"column":6},"end":{"line":24,"column":7}},{"start":{"line":22,"column":6},"end":{"line":24,"column":7}}],"line":22},"3":{"loc":{"start":{"line":34,"column":6},"end":{"line":36,"column":7}},"type":"if","locations":[{"start":{"line":34,"column":6},"end":{"line":36,"column":7}},{"start":{"line":34,"column":6},"end":{"line":36,"column":7}}],"line":34}},"s":{"0":1,"1":1,"2":1,"3":3,"4":3,"5":3,"6":3,"7":3,"8":3,"9":3,"10":1004,"11":1004,"12":1003,"13":3,"14":2880,"15":2880,"16":2880,"17":2880,"18":1877,"19":1},"f":{"0":3,"1":3},"b":{"0":[3,0],"1":[3,3],"2":[1003,1],"3":[1877,1003]},"_coverageSchema":"1a1c01bbd47fc00a2c39e90264f33305004495a9","hash":"7c291bb1caabccc27398d0fbcfea4f84709027b6"}
}
