TN:
SF:lib/log-source.js
FN:15,(anonymous_0)
FN:23,(anonymous_1)
FN:34,(anonymous_2)
FN:42,(anonymous_3)
FN:47,(anonymous_4)
FNF:5
FNH:5
FNDA:1007,(anonymous_0)
FNDA:4679,(anonymous_1)
FNDA:4676,(anonymous_2)
FNDA:3,(anonymous_3)
FNDA:3,(anonymous_4)
DA:3,3
DA:4,3
DA:5,3
DA:14,3
DA:16,1007
DA:17,1007
DA:24,4679
DA:35,4676
DA:36,4676
DA:37,1006
DA:39,4676
DA:43,3
DA:44,3
DA:45,1
DA:47,3
LF:15
LH:15
BRDA:36,0,0,1006
BRDA:36,0,1,3670
BRDA:39,1,0,1006
BRDA:39,1,1,3670
BRDA:44,2,0,1
BRDA:44,2,1,2
BRDA:47,3,0,1
BRDA:47,3,1,2
BRF:8
BRH:8
end_of_record
TN:
SF:lib/printer.js
FN:6,(anonymous_0)
FN:11,(anonymous_1)
FN:27,(anonymous_2)
FN:28,(anonymous_3)
FN:43,(anonymous_4)
FN:52,(anonymous_5)
FNF:6
FNH:3
FNDA:4,(anonymous_0)
FNDA:3668,(anonymous_1)
FNDA:0,(anonymous_2)
FNDA:0,(anonymous_3)
FNDA:0,(anonymous_4)
FNDA:4,(anonymous_5)
DA:3,2
DA:5,2
DA:7,4
DA:8,4
DA:12,3668
DA:13,0
DA:15,3668
DA:16,3668
DA:18,0
DA:20,3668
DA:21,3668
DA:22,3668
DA:23,4
DA:28,0
DA:29,0
DA:30,0
DA:31,0
DA:33,0
DA:34,0
DA:36,0
DA:38,0
DA:39,0
DA:40,0
DA:41,0
DA:43,0
DA:44,0
DA:47,0
DA:53,4
DA:54,4
DA:55,4
DA:56,4
DA:57,4
DA:58,4
LF:33
LH:17
BRDA:12,0,0,0
BRDA:12,0,1,3668
BRDA:15,1,0,3668
BRDA:15,1,1,0
BRDA:22,2,0,4
BRDA:22,2,1,3664
BRDA:30,3,0,0
BRDA:30,3,1,0
BRDA:33,4,0,0
BRDA:33,4,1,0
BRDA:40,5,0,0
BRDA:40,5,1,0
BRF:12
BRH:4
end_of_record
TN:
SF:solution/min-heap.js
FN:5,(anonymous_0)
FN:9,(anonymous_1)
FN:15,(anonymous_2)
FN:26,(anonymous_3)
FN:37,(anonymous_4)
FN:63,(anonymous_5)
FNF:6
FNH:6
FNDA:4,(anonymous_0)
FNDA:3668,(anonymous_1)
FNDA:3668,(anonymous_2)
FNDA:3668,(anonymous_3)
FNDA:3378,(anonymous_4)
FNDA:3672,(anonymous_5)
DA:4,2
DA:6,4
DA:10,3668
DA:11,3668
DA:16,3668
DA:17,3668
DA:19,3378
DA:20,3378
DA:21,3378
DA:22,3378
DA:27,3668
DA:28,5054
DA:29,5054
DA:31,1679
DA:32,1679
DA:33,1679
DA:38,3378
DA:39,26354
DA:40,26354
DA:41,26354
DA:43,26354
DA:47,21943
DA:49,26354
DA:53,10844
DA:56,26354
DA:58,22976
DA:59,22976
DA:64,3672
LF:28
LH:28
BRDA:16,0,0,0
BRDA:16,0,1,3668
BRDA:17,1,0,290
BRDA:17,1,1,3378
BRDA:29,2,0,3375
BRDA:29,2,1,1679
BRDA:43,3,0,21943
BRDA:43,3,1,4411
BRDA:44,4,0,26354
BRDA:44,4,1,23742
BRDA:49,5,0,10844
BRDA:49,5,1,15510
BRDA:50,6,0,26354
BRDA:50,6,1,23731
BRDA:56,7,0,3378
BRDA:56,7,1,22976
BRF:16
BRH:15
end_of_record
TN:
SF:solution/sync-sorted-merge.js
FN:7,(anonymous_0)
FN:15,printMergeLogsSync
FNF:2
FNH:2
FNDA:4,(anonymous_0)
FNDA:4,printMergeLogsSync
DA:2,2
DA:3,2
DA:7,2
DA:8,4
DA:9,4
DA:10,4
DA:12,4
DA:16,4
DA:18,4
DA:21,1006
DA:22,1006
DA:23,1005
DA:28,4
DA:30,3668
DA:31,3668
DA:33,3668
DA:34,3668
DA:35,2663
DA:40,2
LF:19
LH:19
BRDA:8,0,0,4
BRDA:8,0,1,0
BRDA:8,1,0,4
BRDA:8,1,1,4
BRDA:22,2,0,1005
BRDA:22,2,1,1
BRDA:34,3,0,2663
BRDA:34,3,1,1005
BRF:8
BRH:7
end_of_record
