TN:
SF:lib/log-source.js
FN:15,(anonymous_0)
FN:23,(anonymous_1)
FN:34,(anonymous_2)
FN:42,(anonymous_3)
FN:47,(anonymous_4)
FNF:5
FNH:5
FNDA:1108,(anonymous_0)
FNDA:27890,(anonymous_1)
FNDA:3886,(anonymous_2)
FNDA:24004,(anonymous_3)
FNDA:23654,(anonymous_4)
DA:3,3
DA:4,3
DA:5,3
DA:14,3
DA:16,1108
DA:17,1108
DA:24,27890
DA:35,3886
DA:36,3886
DA:37,1004
DA:39,3886
DA:43,24004
DA:44,24004
DA:45,153
DA:47,24004
LF:15
LH:15
BRDA:36,0,0,1004
BRDA:36,0,1,2882
BRDA:39,1,0,1004
BRDA:39,1,1,2882
BRDA:44,2,0,153
BRDA:44,2,1,23851
BRDA:47,3,0,11703
BRDA:47,3,1,11951
BRF:8
BRH:8
end_of_record
TN:
SF:lib/printer.js
FN:6,(anonymous_0)
FN:11,(anonymous_1)
FN:27,(anonymous_2)
FN:28,(anonymous_3)
FN:43,(anonymous_4)
FN:52,(anonymous_5)
FNF:6
FNH:3
FNDA:6,(anonymous_0)
FNDA:14362,(anonymous_1)
FNDA:0,(anonymous_2)
FNDA:0,(anonymous_3)
FNDA:0,(anonymous_4)
FNDA:6,(anonymous_5)
DA:3,2
DA:5,2
DA:7,6
DA:8,6
DA:12,14362
DA:13,0
DA:15,14362
DA:16,14362
DA:18,0
DA:20,14362
DA:21,14362
DA:22,14362
DA:23,5
DA:28,0
DA:29,0
DA:30,0
DA:31,0
DA:33,0
DA:34,0
DA:36,0
DA:38,0
DA:39,0
DA:40,0
DA:41,0
DA:43,0
DA:44,0
DA:47,0
DA:53,6
DA:54,6
DA:55,6
DA:56,6
DA:57,6
DA:58,6
LF:33
LH:17
BRDA:12,0,0,0
BRDA:12,0,1,14362
BRDA:15,1,0,14362
BRDA:15,1,1,0
BRDA:22,2,0,5
BRDA:22,2,1,14357
BRDA:30,3,0,0
BRDA:30,3,1,0
BRDA:33,4,0,0
BRDA:33,4,1,0
BRDA:40,5,0,0
BRDA:40,5,1,0
BRF:12
BRH:4
end_of_record
TN:
SF:solution/async-sorted-merge.js
FN:8,(anonymous_0)
FN:23,printMergeLogsAsync
FN:34,fetchLogs
FN:35,(anonymous_3)
FN:66,(anonymous_4)
FNF:5
FNH:5
FNDA:3,(anonymous_0)
FNDA:3,printMergeLogsAsync
FNDA:12053,fetchLogs
FNDA:12053,(anonymous_3)
FNDA:298,(anonymous_4)
DA:3,1
DA:4,1
DA:8,1
DA:9,3
DA:10,3
DA:11,3
DA:12,3
DA:14,0
DA:24,3
DA:25,3
DA:26,3
DA:27,3
DA:29,3
DA:30,104
DA:35,12053
DA:36,12053
DA:37,12053
DA:38,24002
DA:39,23651
DA:40,11949
DA:41,11949
DA:42,11949
DA:44,11702
DA:45,11702
DA:46,11702
DA:50,1
DA:56,2
DA:58,11482
DA:59,0
DA:61,11482
DA:62,11482
DA:63,11482
DA:66,11482
DA:69,1
DA:73,1
LF:35
LH:33
BRDA:39,0,0,11949
BRDA:39,0,1,11702
BRDA:56,1,0,11484
BRDA:56,1,1,11482
BRDA:58,2,0,0
BRDA:58,2,1,11482
BRDA:61,3,0,11482
BRDA:61,3,1,0
BRF:8
BRH:6
end_of_record
TN:
SF:solution/min-heap.js
FN:5,(anonymous_0)
FN:9,(anonymous_1)
FN:15,(anonymous_2)
FN:26,(anonymous_3)
FN:37,(anonymous_4)
FN:63,(anonymous_5)
FNF:6
FNH:6
FNDA:6,(anonymous_0)
FNDA:14829,(anonymous_1)
FNDA:14362,(anonymous_2)
FNDA:14829,(anonymous_3)
FNDA:14159,(anonymous_4)
FNDA:37329,(anonymous_5)
DA:4,2
DA:6,6
DA:10,14829
DA:11,14829
DA:16,14362
DA:17,14362
DA:19,14159
DA:20,14159
DA:21,14159
DA:22,14159
DA:27,14829
DA:28,25906
DA:29,25906
DA:31,11289
DA:32,11289
DA:33,11289
DA:38,14159
DA:39,153596
DA:40,153596
DA:41,153596
DA:43,153596
DA:47,133005
DA:49,153596
DA:53,67109
DA:56,153596
DA:58,139437
DA:59,139437
DA:64,37329
LF:28
LH:28
BRDA:16,0,0,0
BRDA:16,0,1,14362
BRDA:17,1,0,203
BRDA:17,1,1,14159
BRDA:29,2,0,14617
BRDA:29,2,1,11289
BRDA:43,3,0,133005
BRDA:43,3,1,20591
BRDA:44,4,0,153596
BRDA:44,4,1,143395
BRDA:49,5,0,67109
BRDA:49,5,1,86487
BRDA:50,6,0,153596
BRDA:50,6,1,143375
BRDA:56,7,0,14159
BRDA:56,7,1,139437
BRF:16
BRH:15
end_of_record
TN:
SF:solution/sync-sorted-merge.js
FN:7,(anonymous_0)
FN:15,printMergeLogsSync
FNF:2
FNH:2
FNDA:3,(anonymous_0)
FNDA:3,printMergeLogsSync
DA:2,1
DA:3,1
DA:7,1
DA:8,3
DA:9,3
DA:10,3
DA:12,3
DA:16,3
DA:18,3
DA:21,1004
DA:22,1004
DA:23,1003
DA:28,3
DA:30,2880
DA:31,2880
DA:33,2880
DA:34,2880
DA:35,1877
DA:40,1
LF:19
LH:19
BRDA:8,0,0,3
BRDA:8,0,1,0
BRDA:8,1,0,3
BRDA:8,1,1,3
BRDA:22,2,0,1003
BRDA:22,2,1,1
BRDA:34,3,0,1877
BRDA:34,3,1,1003
BRF:8
BRH:7
end_of_record
